Doggie woke up
Douglas woke up
Charmer woke up
Cathy woke up
Ryan woke up
Ramdan woke up
Waleed woke up
Will woke up
Doggie is eating
Douglas is eating
Charmer is eating
Cathy is eating
Ryan is eating
Ramdan is eating
Waleed is eating
Will is eating
Doggie is running
Douglas is running
Charmer is roaming
Cathy is roaming
Ryan is traveling
Ramdan is traveling
Waleed is running
Will is running
Doggie 'woof-woof!'
Douglas 'woof-woof!'
Ryan Loud Rhino sounds!
Ramdan Loud Rhino sounds!
Waleed 'Ahhhh Wooooooooooo!'
Will 'Ahhhh Wooooooooooo!'
Charmer 'Meow!'
Cathy 'Mooooooooooo!'
Doggie is sleeping
Douglas is sleeping
Charmer is sleeping
Cathy is sleeping
Ryan is sleeping
Ramdan is sleeping
Waleed is sleeping
Will is sleeping


...Program finished with exit code 0